[build-windows] 已临时禁用 WorkBuddy safe-delete 垫片 (NODE_OPTIONS) 以允许构建期批量删除
[build-windows] 版本: 1.1.4
[build-windows] 同步 config.yml version -> 1.1.4
[build-windows] 构建前端...
npm error code EPERM
npm error syscall unlink
npm error path C:\Users\zhujieling11\MikuMikuAR\frontend\node_modules\@esbuild\.win32-x64-D2AoeZ2O\esbuild.exe
npm error errno -4048
npm error [Error: EPERM: operation not permitted, unlink 'C:\Users\zhujieling11\MikuMikuAR\frontend\node_modules\@esbuild\.win32-x64-D2AoeZ2O\esbuild.exe'] {
npm error   errno: -4048,
npm error   code: 'EPERM',
npm error   syscall: 'unlink',
npm error   path: 'C:\\Users\\zhujieling11\\MikuMikuAR\\frontend\\node_modules\\@esbuild\\.win32-x64-D2AoeZ2O\\esbuild.exe'
npm error }
npm error
npm error The operation was rejected by your operating system.
npm error It's possible that the file was already in use (by a text editor or antivirus),
npm error or that you lack permissions to access it.
npm error
npm error If you believe this might be a permissions issue, please double-check the
npm error permissions of the file and its containing directories, or try running
npm error the command again as root/Administrator.
npm error A complete log of this run can be found in: C:\Users\zhujieling11\AppData\Local\npm-cache\_logs\2026-07-08T09_01_49_122Z-debug-0.log
npm warn deprecated @iconify/iconify@3.1.1: no longer maintained, switch to modern iconify-icon web component

added 174 packages, and changed 44 packages in 18s
[36mvite v6.4.3 [32mbuilding for production...[36m[39m
transforming...
[32m鉁?[39m 517 modules transformed.
rendering chunks...
computing gzip size...
[2mdist/[22m[32mindex.html                     [39m[1m[2m    8.12 kB[22m[1m[22m[2m 鈹?gzip:   3.07 kB[22m
[2mdist/[22m[32massets/index_bg-y0ZN0FV8.wasm  [39m[1m[2m  546.19 kB[22m[1m[22m[2m 鈹?gzip: 213.74 kB[22m
[2mdist/[22m[36massets/index-CEN_Npw0.js       [39m[1m[33m1,315.74 kB[39m[22m[2m 鈹?gzip: 381.70 kB[22m

(!) Some chunks are larger than 500 kB after minification. Consider:
- Using dynamic import() to code-split the application
- Use build.rollupOptions.output.manualChunks to improve chunking: https://rollupjs.org/configuration-options/#output-manualchunks
- Adjust chunk size limit for this warning via build.chunkSizeWarningLimit.
[32m鉁?built in 2.42s[39m
[build-windows] 编译 Go (tags=production)...
Wails v3.0.0-alpha2.105 鈥?Build
"uname": executable file not found in $PATH
"uname": executable file not found in $PATH
Checking Windows build prerequisites...
All prerequisites satisfied.
task: [windows:common:go:mod:tidy] go mod tidy
task: Task "windows:common:generate:icons" is up to date
task: [windows:common:install:frontend:deps:npm] npm install

up to date in 838ms

63 packages are looking for funding
  run `npm fund` for details
task: Task "windows:common:generate:bindings" is up to date
task: [windows:common:frontend:run:npm] npm run build -q

> frontend@0.0.0 build
> tsc && vite build

[36mvite v6.4.3 [32mbuilding for production...[36m[39m
transforming...
[32m鉁?[39m 517 modules transformed.
rendering chunks...
computing gzip size...
[2mdist/[22m[32mindex.html                     [39m[1m[2m    8.12 kB[22m[1m[22m[2m 鈹?gzip:   3.07 kB[22m
[2mdist/[22m[32massets/index_bg-y0ZN0FV8.wasm  [39m[1m[2m  546.19 kB[22m[1m[22m[2m 鈹?gzip: 213.74 kB[22m
[2mdist/[22m[36massets/index-CEN_Npw0.js       [39m[1m[33m1,315.74 kB[39m[22m[2m 鈹?gzip: 381.70 kB[22m

(!) Some chunks are larger than 500 kB after minification. Consider:
- Using dynamic import() to code-split the application
- Use build.rollupOptions.output.manualChunks to improve chunking: https://rollupjs.org/configuration-options/#output-manualchunks
- Adjust chunk size limit for this warning via build.chunkSizeWarningLimit.
[32m鉁?built in 2.29s[39m
task: [windows:generate:syso] wails3 generate syso -arch amd64 -icon windows/icon.ico -manifest windows/wails.exe.manifest -info windows/info.json -out ../wails_windows_amd64.syso
task: [windows:build:native] go build -tags production,production -trimpath -buildvcs=false -ldflags="-w -s -H windowsgui -X main.AppVersion=dev -X main.BuildTime=unknown -X main.CommitHash=unknown" -o "bin/MikuMikuAR.exe"
task: [windows:build:native] powershell Remove-item *.syso
. : 无法加载文件 C:\Users\zhujieling11\Documents\WindowsPowerShell\Microsoft.PowerShell_profile.ps1，因为在此系统上禁止
运行脚本。有关详细信息，请参阅 https:/go.microsoft.com/fwlink/?LinkID=135170 中的 about_Execution_Policies。
所在位置 行:1 字符: 3
+ . 'C:\Users\zhujieling11\Documents\WindowsPowerShell\Microsoft.PowerS ...
+   ~~~~~~~~~~~~~~~~~~~~~~~~~~~~~~~~~~~~~~~~~~~~~~~~~~~~~~~~~~~~~~~~~~~
    + CategoryInfo          : SecurityError: (:) []，PSSecurityException
    + FullyQualifiedErrorId : UnauthorizedAccess
[92m[0m
[92mNeed documentation? Run: [0m[94m]8;;https://v3.wails.io/getting-started/your-first-app/\[4mwails3 docs[0m[94m]8;;\[0m
[31;107m[31;107m 鈾? [0m[0m [92m[92mIf Wails is useful to you or your company, please consider sponsoring the project: [94m]8;;https://github.com/sponsors/leaanthony\[4mwails3 sponsor[0m[92m[94m]8;;\[0m[92m[0m[0m

[build-windows] 构建完成
   产物: C:\Users\zhujieling11\MikuMikuAR\dist\MikuMikuAR-1.1.4-windows-amd64.exe
   大小: 23.21 MB
